<?xml version="1.0" encoding="UTF-8"?>
<testng-results skipped="0" failed="0" ignored="0" total="1" passed="1">
  <reporter-output>
  </reporter-output>
  <suite name="Suite" duration-ms="78432" started-at="2018-12-15T05:42:22Z" finished-at="2018-12-15T05:43:40Z">
    <groups>
    </groups>
    <test name="Test" duration-ms="78432" started-at="2018-12-15T05:42:22Z" finished-at="2018-12-15T05:43:40Z">
      <class name="com.durgasoft.crm.tests.TestLoginPage">
        <test-method status="PASS" signature="setUp()[pri:0, instance:com.durgasoft.crm.tests.TestLoginPage@7823a2f9]" name="setUp" is-config="true" duration-ms="75800" started-at="2018-12-15T11:12:22Z" finished-at="2018-12-15T11:13:37Z">
          <reporter-output>
          </reporter-output>
        </test-method> <!-- setUp -->
        <test-method status="PASS" signature="testPageTitle()[pri:0, instance:com.durgasoft.crm.tests.TestLoginPage@7823a2f9]" name="testPageTitle" duration-ms="318" started-at="2018-12-15T11:13:37Z" finished-at="2018-12-15T11:13:38Z">
          <reporter-output>
          </reporter-output>
        </test-method> <!-- testPageTitle -->
        <test-method status="PASS" signature="tearDown()[pri:0, instance:com.durgasoft.crm.tests.TestLoginPage@7823a2f9]" name="tearDown" is-config="true" duration-ms="2234" started-at="2018-12-15T11:13:38Z" finished-at="2018-12-15T11:13:40Z">
          <reporter-output>
          </reporter-output>
        </test-method> <!-- tearDown -->
      </class> <!-- com.durgasoft.crm.tests.TestLoginPage -->
    </test> <!-- Test -->
  </suite> <!-- Suite -->
</testng-results>
